<?xml version="1.0" encoding="UTF-8"?>
<!-- Generated by org.testng.reporters.JUnitReportReporter -->
<testsuite skipped="0" hostname="DESKTOP-497RQHS" name="com.ebay.dataDrivenFramework.TestBase.TestBase" tests="1" failures="0" timestamp="10 Dec 2019 19:39:08 GMT" time="0.022" errors="0">
  <testcase name="initializeThis" time="0.022" classname="com.ebay.dataDrivenFramework.TestBase.TestBase"/>
</testsuite> <!-- com.ebay.dataDrivenFramework.TestBase.TestBase -->
